#
# There is insufficient memory for the Java Runtime Environment to continue.
# Native memory allocation (malloc) failed to allocate 1192096 bytes for Chunk::new
# Possible reasons:
#   The system is out of physical RAM or swap space
#   The process is running with CompressedOops enabled, and the Java Heap may be blocking the growth of the native heap
# Possible solutions:
#   Reduce memory load on the system
#   Increase physical memory or swap space
#   Check if swap backing store is full
#   Decrease Java heap size (-Xmx/-Xms)
#   Decrease number of Java threads
#   Decrease Java thread stack sizes (-Xss)
#   Set larger code cache with -XX:ReservedCodeCacheSize=
#   JVM is running with Unscaled Compressed Oops mode in which the Java heap is
#     placed in the first 4GB address space. The Java Heap base address is the
#     maximum limit for the native heap growth. Please use -XX:HeapBaseMinAddress
#     to set the Java Heap base and to place the Java Heap above 4GB virtual address.
# This output file may be truncated or incomplete.
#
#  Out of Memory Error (t:/workspace/open/src/hotspot/share/memory/arena.cpp:197), pid=15588, tid=10796
#
# JRE version: Java(TM) SE Runtime Environment (11.0+28) (build 11+28)
# Java VM: Java HotSpot(TM) 64-Bit Server VM (11+28, mixed mode, tiered, compressed oops, g1 gc, windows-amd64)
# No core dump will be written. Minidumps are not enabled by default on client versions of Windows
#

---------------  S U M M A R Y ------------

Command Line: --add-opens=java.base/java.util=ALL-UNNAMED --add-opens=java.base/java.lang=ALL-UNNAMED --add-opens=java.base/java.lang.invoke=ALL-UNNAMED --add-opens=java.prefs/java.util.prefs=ALL-UNNAMED --add-opens=java.base/java.nio.charset=ALL-UNNAMED --add-opens=java.base/java.net=ALL-UNNAMED --add-opens=java.base/java.util.concurrent.atomic=ALL-UNNAMED -XX:MaxMetaspaceSize=256m -XX:+HeapDumpOnOutOfMemoryError -Xms256m -Xmx512m -Dfile.encoding=utf8 -Duser.country=US -Duser.language=en -Duser.variant org.gradle.launcher.daemon.bootstrap.GradleDaemon 7.6

Host: Intel(R) Core(TM) i5-7200U CPU @ 2.50GHz, 4 cores, 7G,  Windows 10 , 64 bit Build 19041 (10.0.19041.2546)
Time: Sun Apr  2 21:23:02 2023 India Standard Time elapsed time: 38 seconds (0d 0h 0m 38s)

---------------  T H R E A D  ---------------

Current thread (0x000001cddb59f800):  JavaThread "C2 CompilerThread0" daemon [_thread_in_native, id=10796, stack(0x0000007d0f100000,0x0000007d0f200000)]


Current CompileTask:
C2:  38541 6190       4       java.io.ObjectOutputStream::writeClassDesc (60 bytes)

Stack: [0x0000007d0f100000,0x0000007d0f200000]
Native frames: (J=compiled Java code, j=interpreted, Vv=VM code, C=native code)
V  [jvm.dll+0x63c22a]
V  [jvm.dll+0x7797ef]
V  [jvm.dll+0x77adda]
V  [jvm.dll+0x77b493]
V  [jvm.dll+0x262818]
V  [jvm.dll+0xc5c71]
V  [jvm.dll+0xc61fc]
V  [jvm.dll+0x2d1114]
V  [jvm.dll+0x55413f]
V  [jvm.dll+0x21e92f]
V  [jvm.dll+0x21b866]
V  [jvm.dll+0x198390]
V  [jvm.dll+0x22a99f]
V  [jvm.dll+0x228fb8]
V  [jvm.dll+0x73f04d]
V  [jvm.dll+0x63b2c2]
C  [ucrtbase.dll+0x21bb2]
C  [KERNEL32.DLL+0x17614]
C  [ntdll.dll+0x526a1]


---------------  P R O C E S S  ---------------

Threads class SMR info:
_java_thread_list=0x000001cddcc04a80, length=79, elements={
0x000001cdc02e3000, 0x000001cddb573800, 0x000001cddb574800, 0x000001cddbf12800,
0x000001cddb59d800, 0x000001cddb59f800, 0x000001cddb5a3000, 0x000001cddb5b1000,
0x000001cddc067800, 0x000001cddc079000, 0x000001cddcfa1000, 0x000001cddd9a7000,
0x000001cddcc76800, 0x000001cdde7bd000, 0x000001cddd8a3800, 0x000001cddcdbf000,
0x000001cddcdc0000, 0x000001cddcc29800, 0x000001cddc277800, 0x000001cddd978000,
0x000001cddcde2000, 0x000001cddcde6000, 0x000001cddcde3000, 0x000001cddcde3800,
0x000001cddcde5000, 0x000001cddcde0800, 0x000001cddcde4800, 0x000001cddcde7000,
0x000001cddcde1000, 0x000001cdde40d000, 0x000001cdde411000, 0x000001cdde40d800,
0x000001cdde40c000, 0x000001cdde40e800, 0x000001cdde40f800, 0x000001cdde40b000,
0x000001cdde416800, 0x000001cdde415000, 0x000001cdde417800, 0x000001cdde413800,
0x000001cdde414000, 0x000001cdde416000, 0x000001cdde412000, 0x000001cdde418800,
0x000001cdde412800, 0x000001cdde419000, 0x000001cdde41a000, 0x000001cdde39d800,
0x000001cdde39c000, 0x000001cdde39b000, 0x000001cdde39e800, 0x000001cdde39d000,
0x000001cdde39f800, 0x000001cdde399800, 0x000001cdde3a0000, 0x000001cdde39a800,
0x000001cdde3a1000, 0x000001cdde3a2000, 0x000001cdde3a3800, 0x000001cdde3a5000,
0x000001cdde3a2800, 0x000001cdde3a6000, 0x000001cdde3a6800, 0x000001cde1c8c000,
0x000001cdde3a7800, 0x000001cdde3a8800, 0x000001cdde3a4000, 0x000001cde0918000,
0x000001cde0919000, 0x000001cde0916800, 0x000001cde091a800, 0x000001cde0915800,
0x000001cde0919800, 0x000001cde0914800, 0x000001cde091b800, 0x000001cde091c000,
0x000001cde091d000, 0x000001cde0917000, 0x000001cde091e800
}

Java Threads: ( => current thread )
  0x000001cdc02e3000 JavaThread "main" [_thread_blocked, id=15716, stack(0x0000007d0e600000,0x0000007d0e700000)]
  0x000001cddb573800 JavaThread "Reference Handler" daemon [_thread_blocked, id=9660, stack(0x0000007d0ed00000,0x0000007d0ee00000)]
  0x000001cddb574800 JavaThread "Finalizer" daemon [_thread_blocked, id=9596, stack(0x0000007d0ee00000,0x0000007d0ef00000)]
  0x000001cddbf12800 JavaThread "Signal Dispatcher" daemon [_thread_blocked, id=18028, stack(0x0000007d0ef00000,0x0000007d0f000000)]
  0x000001cddb59d800 JavaThread "Attach Listener" daemon [_thread_blocked, id=4048, stack(0x0000007d0f000000,0x0000007d0f100000)]
=>0x000001cddb59f800 JavaThread "C2 CompilerThread0" daemon [_thread_in_native, id=10796, stack(0x0000007d0f100000,0x0000007d0f200000)]
  0x000001cddb5a3000 JavaThread "C1 CompilerThread0" daemon [_thread_blocked, id=11028, stack(0x0000007d0f200000,0x0000007d0f300000)]
  0x000001cddb5b1000 JavaThread "Sweeper thread" daemon [_thread_blocked, id=18564, stack(0x0000007d0f300000,0x0000007d0f400000)]
  0x000001cddc067800 JavaThread "Common-Cleaner" daemon [_thread_blocked, id=6692, stack(0x0000007d0f400000,0x0000007d0f500000)]
  0x000001cddc079000 JavaThread "Service Thread" daemon [_thread_blocked, id=9068, stack(0x0000007d0f500000,0x0000007d0f600000)]
  0x000001cddcfa1000 JavaThread "Daemon health stats" [_thread_blocked, id=3868, stack(0x0000007d0f700000,0x0000007d0f800000)]
  0x000001cddd9a7000 JavaThread "Incoming local TCP Connector on port 50998" [_thread_in_native, id=13212, stack(0x0000007d0fb00000,0x0000007d0fc00000)]
  0x000001cddcc76800 JavaThread "Daemon periodic checks" [_thread_in_native, id=9104, stack(0x0000007d0fc00000,0x0000007d0fd00000)]
  0x000001cdde7bd000 JavaThread "Daemon" [_thread_blocked, id=17160, stack(0x0000007d0fd00000,0x0000007d0fe00000)]
  0x000001cddd8a3800 JavaThread "Handler for socket connection from /127.0.0.1:50998 to /127.0.0.1:50999" [_thread_in_native, id=17212, stack(0x0000007d0fe00000,0x0000007d0ff00000)]
  0x000001cddcdbf000 JavaThread "Cancel handler" [_thread_blocked, id=8212, stack(0x0000007d0ff00000,0x0000007d10000000)]
  0x000001cddcdc0000 JavaThread "Daemon worker" [_thread_in_Java, id=18156, stack(0x0000007d10000000,0x0000007d10100000)]
  0x000001cddcc29800 JavaThread "Asynchronous log dispatcher for DefaultDaemonConnection: socket connection from /127.0.0.1:50998 to /127.0.0.1:50999" [_thread_blocked, id=8232, stack(0x0000007d10100000,0x0000007d10200000)]
  0x000001cddc277800 JavaThread "Stdin handler" [_thread_blocked, id=10564, stack(0x0000007d10200000,0x0000007d10300000)]
  0x000001cddd978000 JavaThread "Daemon client event forwarder" [_thread_blocked, id=17680, stack(0x0000007d10300000,0x0000007d10400000)]
  0x000001cddcde2000 JavaThread "Cache worker for journal cache (C:\Users\Aritra\.gradle\caches\journal-1)" [_thread_blocked, id=8112, stack(0x0000007d10400000,0x0000007d10500000)]
  0x000001cddcde6000 JavaThread "File lock request listener" [_thread_in_native, id=5436, stack(0x0000007d10500000,0x0000007d10600000)]
  0x000001cddcde3000 JavaThread "Cache worker for file hash cache (C:\Users\Aritra\.gradle\caches\7.6\fileHashes)" [_thread_blocked, id=3032, stack(0x0000007d10600000,0x0000007d10700000)]
  0x000001cddcde3800 JavaThread "File watcher server" daemon [_thread_in_native, id=18192, stack(0x0000007d10800000,0x0000007d10900000)]
  0x000001cddcde5000 JavaThread "File watcher consumer" daemon [_thread_blocked, id=868, stack(0x0000007d10900000,0x0000007d10a00000)]
  0x000001cddcde0800 JavaThread "Cache worker for checksums cache (C:\Users\Aritra\openlibrary\backend\.gradle\7.6\checksums)" [_thread_blocked, id=13576, stack(0x0000007d10700000,0x0000007d10800000)]
  0x000001cddcde4800 JavaThread "Cache worker for cache directory md-rule (C:\Users\Aritra\.gradle\caches\7.6\md-rule)" [_thread_blocked, id=12504, stack(0x0000007d10a00000,0x0000007d10b00000)]
  0x000001cddcde7000 JavaThread "Cache worker for file content cache (C:\Users\Aritra\.gradle\caches\7.6\fileContent)" [_thread_blocked, id=9784, stack(0x0000007d10b00000,0x0000007d10c00000)]
  0x000001cddcde1000 JavaThread "Cache worker for file hash cache (C:\Users\Aritra\openlibrary\backend\.gradle\7.6\fileHashes)" [_thread_blocked, id=18112, stack(0x0000007d10c00000,0x0000007d10d00000)]
  0x000001cdde40d000 JavaThread "Cache worker for cache directory md-supplier (C:\Users\Aritra\.gradle\caches\7.6\md-supplier)" [_thread_blocked, id=18400, stack(0x0000007d10d00000,0x0000007d10e00000)]
  0x000001cdde411000 JavaThread "Cache worker for execution history cache (C:\Users\Aritra\.gradle\caches\7.6\executionHistory)" [_thread_blocked, id=8844, stack(0x0000007d10e00000,0x0000007d10f00000)]
  0x000001cdde40d800 JavaThread "jar transforms" [_thread_blocked, id=10552, stack(0x0000007d10f00000,0x0000007d11000000)]
  0x000001cdde40c000 JavaThread "jar transforms Thread 2" [_thread_blocked, id=13200, stack(0x0000007d11100000,0x0000007d11200000)]
  0x000001cdde40e800 JavaThread "jar transforms Thread 3" [_thread_blocked, id=4820, stack(0x0000007d11200000,0x0000007d11300000)]
  0x000001cdde40f800 JavaThread "jar transforms Thread 4" [_thread_blocked, id=9824, stack(0x0000007d11300000,0x0000007d11400000)]
  0x000001cdde40b000 JavaThread "Cache worker for dependencies-accessors (C:\Users\Aritra\openlibrary\backend\.gradle\7.6\dependencies-accessors)" [_thread_blocked, id=15828, stack(0x0000007d11400000,0x0000007d11500000)]
  0x000001cdde416800 JavaThread "Cache worker for Build Output Cleanup Cache (C:\Users\Aritra\openlibrary\backend\.gradle\buildOutputCleanup)" [_thread_blocked, id=8048, stack(0x0000007d11500000,0x0000007d11600000)]
  0x000001cdde415000 JavaThread "Unconstrained build operations" [_thread_blocked, id=17956, stack(0x0000007d11000000,0x0000007d11100000)]
  0x000001cdde417800 JavaThread "Unconstrained build operations Thread 2" [_thread_blocked, id=6948, stack(0x0000007d11700000,0x0000007d11800000)]
  0x000001cdde413800 JavaThread "Unconstrained build operations Thread 3" [_thread_blocked, id=3448, stack(0x0000007d11800000,0x0000007d11900000)]
  0x000001cdde414000 JavaThread "Unconstrained build operations Thread 4" [_thread_blocked, id=15820, stack(0x0000007d11900000,0x0000007d11a00000)]
  0x000001cdde416000 JavaThread "Unconstrained build operations Thread 5" [_thread_blocked, id=9048, stack(0x0000007d11a00000,0x0000007d11b00000)]
  0x000001cdde412000 JavaThread "Unconstrained build operations Thread 6" [_thread_blocked, id=18220, stack(0x0000007d11b00000,0x0000007d11c00000)]
  0x000001cdde418800 JavaThread "Unconstrained build operations Thread 7" [_thread_blocked, id=8076, stack(0x0000007d11c00000,0x0000007d11d00000)]
  0x000001cdde412800 JavaThread "Unconstrained build operations Thread 8" [_thread_blocked, id=12884, stack(0x0000007d11d00000,0x0000007d11e00000)]
  0x000001cdde419000 JavaThread "Unconstrained build operations Thread 9" [_thread_blocked, id=17284, stack(0x0000007d11e00000,0x0000007d11f00000)]
  0x000001cdde41a000 JavaThread "Unconstrained build operations Thread 10" [_thread_blocked, id=9300, stack(0x0000007d11f00000,0x0000007d12000000)]
  0x000001cdde39d800 JavaThread "Unconstrained build operations Thread 11" [_thread_blocked, id=9232, stack(0x0000007d12000000,0x0000007d12100000)]
  0x000001cdde39c000 JavaThread "Unconstrained build operations Thread 12" [_thread_blocked, id=9276, stack(0x0000007d12100000,0x0000007d12200000)]
  0x000001cdde39b000 JavaThread "Unconstrained build operations Thread 13" [_thread_blocked, id=15408, stack(0x0000007d12200000,0x0000007d12300000)]
  0x000001cdde39e800 JavaThread "Unconstrained build operations Thread 14" [_thread_blocked, id=8968, stack(0x0000007d12300000,0x0000007d12400000)]
  0x000001cdde39d000 JavaThread "Unconstrained build operations Thread 15" [_thread_blocked, id=17288, stack(0x0000007d12400000,0x0000007d12500000)]
  0x000001cdde39f800 JavaThread "Unconstrained build operations Thread 16" [_thread_blocked, id=19068, stack(0x0000007d12500000,0x0000007d12600000)]
  0x000001cdde399800 JavaThread "Unconstrained build operations Thread 17" [_thread_blocked, id=18144, stack(0x0000007d12600000,0x0000007d12700000)]
  0x000001cdde3a0000 JavaThread "Unconstrained build operations Thread 18" [_thread_blocked, id=7652, stack(0x0000007d12700000,0x0000007d12800000)]
  0x000001cdde39a800 JavaThread "Memory manager" [_thread_blocked, id=5896, stack(0x0000007d12900000,0x0000007d12a00000)]
  0x000001cdde3a1000 JavaThread "Unconstrained build operations Thread 19" [_thread_blocked, id=8224, stack(0x0000007d12a00000,0x0000007d12b00000)]
  0x000001cdde3a2000 JavaThread "Unconstrained build operations Thread 20" [_thread_blocked, id=15496, stack(0x0000007d12b00000,0x0000007d12c00000)]
  0x000001cdde3a3800 JavaThread "Unconstrained build operations Thread 21" [_thread_blocked, id=11604, stack(0x0000007d12c00000,0x0000007d12d00000)]
  0x000001cdde3a5000 JavaThread "Unconstrained build operations Thread 22" [_thread_blocked, id=15040, stack(0x0000007d12d00000,0x0000007d12e00000)]
  0x000001cdde3a2800 JavaThread "Unconstrained build operations Thread 23" [_thread_blocked, id=1400, stack(0x0000007d12e00000,0x0000007d12f00000)]
  0x000001cdde3a6000 JavaThread "Unconstrained build operations Thread 24" [_thread_blocked, id=15920, stack(0x0000007d12800000,0x0000007d12900000)]
  0x000001cdde3a6800 JavaThread "Unconstrained build operations Thread 25" [_thread_blocked, id=2088, stack(0x0000007d13100000,0x0000007d13200000)]
  0x000001cde1c8c000 JavaThread "C2 CompilerThread1" daemon [_thread_blocked, id=17192, stack(0x0000007d13200000,0x0000007d13300000)]
  0x000001cdde3a7800 JavaThread "Unconstrained build operations Thread 26" [_thread_blocked, id=13116, stack(0x0000007d13300000,0x0000007d13400000)]
  0x000001cdde3a8800 JavaThread "Unconstrained build operations Thread 27" [_thread_blocked, id=9648, stack(0x0000007d13400000,0x0000007d13500000)]
  0x000001cdde3a4000 JavaThread "Unconstrained build operations Thread 28" [_thread_blocked, id=7140, stack(0x0000007d13500000,0x0000007d13600000)]
  0x000001cde0918000 JavaThread "Unconstrained build operations Thread 29" [_thread_blocked, id=15088, stack(0x0000007d13600000,0x0000007d13700000)]
  0x000001cde0919000 JavaThread "Unconstrained build operations Thread 30" [_thread_blocked, id=16524, stack(0x0000007d13700000,0x0000007d13800000)]
  0x000001cde0916800 JavaThread "Unconstrained build operations Thread 31" [_thread_blocked, id=14616, stack(0x0000007d13800000,0x0000007d13900000)]
  0x000001cde091a800 JavaThread "Unconstrained build operations Thread 32" [_thread_blocked, id=8984, stack(0x0000007d13900000,0x0000007d13a00000)]
  0x000001cde0915800 JavaThread "Unconstrained build operations Thread 33" [_thread_blocked, id=1572, stack(0x0000007d13a00000,0x0000007d13b00000)]
  0x000001cde0919800 JavaThread "Unconstrained build operations Thread 34" [_thread_blocked, id=8268, stack(0x0000007d13b00000,0x0000007d13c00000)]
  0x000001cde0914800 JavaThread "Unconstrained build operations Thread 35" [_thread_blocked, id=6736, stack(0x0000007d13c00000,0x0000007d13d00000)]
  0x000001cde091b800 JavaThread "Unconstrained build operations Thread 36" [_thread_blocked, id=18772, stack(0x0000007d13d00000,0x0000007d13e00000)]
  0x000001cde091c000 JavaThread "Unconstrained build operations Thread 37" [_thread_blocked, id=5140, stack(0x0000007d13e00000,0x0000007d13f00000)]
  0x000001cde091d000 JavaThread "Unconstrained build operations Thread 38" [_thread_blocked, id=17352, stack(0x0000007d13f00000,0x0000007d14000000)]
  0x000001cde0917000 JavaThread "Unconstrained build operations Thread 39" [_thread_blocked, id=3436, stack(0x0000007d14000000,0x0000007d14100000)]
  0x000001cde091e800 JavaThread "Unconstrained build operations Thread 40" [_thread_blocked, id=9480, stack(0x0000007d14100000,0x0000007d14200000)]

Other Threads:
  0x000001cddb54c800 VMThread "VM Thread" [stack: 0x0000007d0ec00000,0x0000007d0ed00000] [id=244]
  0x000001cddc07b000 WatcherThread [stack: 0x0000007d0f600000,0x0000007d0f700000] [id=4260]
  0x000001cdc02fb000 GCTaskThread "GC Thread#0" [stack: 0x0000007d0e700000,0x0000007d0e800000] [id=14212]
  0x000001cddc528800 GCTaskThread "GC Thread#1" [stack: 0x0000007d0f800000,0x0000007d0f900000] [id=3456]
  0x000001cddc834800 GCTaskThread "GC Thread#2" [stack: 0x0000007d0f900000,0x0000007d0fa00000] [id=15736]
  0x000001cddc656000 GCTaskThread "GC Thread#3" [stack: 0x0000007d0fa00000,0x0000007d0fb00000] [id=13884]
  0x000001cdc030d000 ConcurrentGCThread "G1 Main Marker" [stack: 0x0000007d0e800000,0x0000007d0e900000] [id=9556]
  0x000001cdc030e800 ConcurrentGCThread "G1 Conc#0" [stack: 0x0000007d0e900000,0x0000007d0ea00000] [id=11844]
  0x000001cdc03ce000 ConcurrentGCThread "G1 Refine#0" [stack: 0x0000007d0ea00000,0x0000007d0eb00000] [id=7720]
  0x000001cddb3ee800 ConcurrentGCThread "G1 Young RemSet Sampling" [stack: 0x0000007d0eb00000,0x0000007d0ec00000] [id=9240]

Threads with active compile tasks:
C2 CompilerThread06190       4       java.io.ObjectOutputStream::writeClassDesc (60 bytes)

VM state:not at safepoint (normal execution)

VM Mutex/Monitor currently owned by a thread: None

Heap address: 0x00000000e0000000, size: 512 MB, Compressed Oops mode: 32-bit
Narrow klass base: 0x0000000000000000, Narrow klass shift: 3
Compressed class space size: 260046848 Address: 0x0000000100000000

Heap:
 garbage-first heap   total 262144K, used 122093K [0x00000000e0000000, 0x0000000100000000)
  region size 1024K, 99 young (101376K), 13 survivors (13312K)
 Metaspace       used 62786K, capacity 64517K, committed 64680K, reserved 311296K
  class space    used 8163K, capacity 8807K, committed 8920K, reserved 253952K
Heap Regions: E=young(eden), S=young(survivor), O=old, HS=humongous(starts), HC=humongous(continues), CS=collection set, F=free, A=archive, TAMS=top-at-mark-start (previous, next)
|   0|0x00000000e0000000, 0x00000000e0100000, 0x00000000e0100000|100%| O|  |TAMS 0x00000000e0100000, 0x00000000e0000000| Untracked 
|   1|0x00000000e0100000, 0x00000000e0200000, 0x00000000e0200000|100%| O|  |TAMS 0x00000000e0200000, 0x00000000e0100000| Untracked 
|   2|0x00000000e0200000, 0x00000000e0300000, 0x00000000e0300000|100%| O|  |TAMS 0x00000000e0300000, 0x00000000e0200000| Untracked 
|   3|0x00000000e0300000, 0x00000000e0400000, 0x00000000e0400000|100%|HS|  |TAMS 0x00000000e0400000, 0x00000000e0300000| Complete 
|   4|0x00000000e0400000, 0x00000000e0500000, 0x00000000e0500000|100%|HC|  |TAMS 0x00000000e0500000, 0x00000000e0400000| Complete 
|   5|0x00000000e0500000, 0x00000000e0600000, 0x00000000e0600000|100%|HC|  |TAMS 0x00000000e0600000, 0x00000000e0500000| Complete 
|   6|0x00000000e0600000, 0x00000000e0700000, 0x00000000e0700000|100%| O|  |TAMS 0x00000000e0700000, 0x00000000e0600000| Untracked 
|   7|0x00000000e0700000, 0x00000000e0800000, 0x00000000e0800000|100%| O|  |TAMS 0x00000000e0800000, 0x00000000e0700000| Untracked 
|   8|0x00000000e0800000, 0x00000000e0900000, 0x00000000e0900000|100%| O|  |TAMS 0x00000000e0900000, 0x00000000e0800000| Untracked 
|   9|0x00000000e0900000, 0x00000000e0a00000, 0x00000000e0a00000|100%| O|  |TAMS 0x00000000e0a00000, 0x00000000e0900000| Untracked 
|  10|0x00000000e0a00000, 0x00000000e0b00000, 0x00000000e0b00000|100%| O|  |TAMS 0x00000000e0b00000, 0x00000000e0a00000| Untracked 
|  11|0x00000000e0b00000, 0x00000000e0c00000, 0x00000000e0c00000|100%| O|  |TAMS 0x00000000e0c00000, 0x00000000e0b00000| Untracked 
|  12|0x00000000e0c00000, 0x00000000e0d00000, 0x00000000e0d00000|100%| O|  |TAMS 0x00000000e0d00000, 0x00000000e0c00000| Untracked 
|  13|0x00000000e0d00000, 0x00000000e0e00000, 0x00000000e0e00000|100%| O|  |TAMS 0x00000000e0e00000, 0x00000000e0d00000| Untracked 
|  14|0x00000000e0e00000, 0x00000000e0f00000, 0x00000000e0f00000|100%| O|  |TAMS 0x00000000e0f00000, 0x00000000e0e00000| Untracked 
|  15|0x00000000e0f00000, 0x00000000e1000000, 0x00000000e1000000|100%| O|  |TAMS 0x00000000e1000000, 0x00000000e0f00000| Untracked 
|  16|0x00000000e1000000, 0x00000000e1100000, 0x00000000e1100000|100%| O|  |TAMS 0x00000000e1100000, 0x00000000e1000000| Untracked 
|  17|0x00000000e1100000, 0x00000000e1200000, 0x00000000e1200000|100%| O|  |TAMS 0x00000000e1200000, 0x00000000e1100000| Untracked 
|  18|0x00000000e1200000, 0x00000000e1300000, 0x00000000e1300000|100%| O|  |TAMS 0x00000000e1300000, 0x00000000e1200000| Untracked 
|  19|0x00000000e1300000, 0x00000000e1400000, 0x00000000e1400000|100%| O|  |TAMS 0x00000000e1400000, 0x00000000e1300000| Untracked 
|  20|0x00000000e1400000, 0x00000000e1500000, 0x00000000e1500000|100%| O|  |TAMS 0x00000000e1500000, 0x00000000e1400000| Untracked 
|  21|0x00000000e1500000, 0x00000000e153b600, 0x00000000e1600000| 23%| O|  |TAMS 0x00000000e153b600, 0x00000000e1500000| Untracked 
|  22|0x00000000e1600000, 0x00000000e1600000, 0x00000000e1700000|  0%| F|  |TAMS 0x00000000e1600000, 0x00000000e1600000| Untracked 
|  23|0x00000000e1700000, 0x00000000e1700000, 0x00000000e1800000|  0%| F|  |TAMS 0x00000000e1700000, 0x00000000e1700000| Untracked 
|  24|0x00000000e1800000, 0x00000000e1800000, 0x00000000e1900000|  0%| F|  |TAMS 0x00000000e1800000, 0x00000000e1800000| Untracked 
|  25|0x00000000e1900000, 0x00000000e1900000, 0x00000000e1a00000|  0%| F|  |TAMS 0x00000000e1900000, 0x00000000e1900000| Untracked 
|  26|0x00000000e1a00000, 0x00000000e1a00000, 0x00000000e1b00000|  0%| F|  |TAMS 0x00000000e1a00000, 0x00000000e1a00000| Untracked 
|  27|0x00000000e1b00000, 0x00000000e1b00000, 0x00000000e1c00000|  0%| F|  |TAMS 0x00000000e1b00000, 0x00000000e1b00000| Untracked 
|  28|0x00000000e1c00000, 0x00000000e1c00000, 0x00000000e1d00000|  0%| F|  |TAMS 0x00000000e1c00000, 0x00000000e1c00000| Untracked 
|  29|0x00000000e1d00000, 0x00000000e1d00000, 0x00000000e1e00000|  0%| F|  |TAMS 0x00000000e1d00000, 0x00000000e1d00000| Untracked 
|  30|0x00000000e1e00000, 0x00000000e1e00000, 0x00000000e1f00000|  0%| F|  |TAMS 0x00000000e1e00000, 0x00000000e1e00000| Untracked 
|  31|0x00000000e1f00000, 0x00000000e1f00000, 0x00000000e2000000|  0%| F|  |TAMS 0x00000000e1f00000, 0x00000000e1f00000| Untracked 
|  32|0x00000000e2000000, 0x00000000e2000000, 0x00000000e2100000|  0%| F|  |TAMS 0x00000000e2000000, 0x00000000e2000000| Untracked 
|  33|0x00000000e2100000, 0x00000000e2100000, 0x00000000e2200000|  0%| F|  |TAMS 0x00000000e2100000, 0x00000000e2100000| Untracked 
|  34|0x00000000e2200000, 0x00000000e2200000, 0x00000000e2300000|  0%| F|  |TAMS 0x00000000e2200000, 0x00000000e2200000| Untracked 
|  35|0x00000000e2300000, 0x00000000e2300000, 0x00000000e2400000|  0%| F|  |TAMS 0x00000000e2300000, 0x00000000e2300000| Untracked 
|  36|0x00000000e2400000, 0x00000000e2400000, 0x00000000e2500000|  0%| F|  |TAMS 0x00000000e2400000, 0x00000000e2400000| Untracked 
|  37|0x00000000e2500000, 0x00000000e2500000, 0x00000000e2600000|  0%| F|  |TAMS 0x00000000e2500000, 0x00000000e2500000| Untracked 
|  38|0x00000000e2600000, 0x00000000e2600000, 0x00000000e2700000|  0%| F|  |TAMS 0x00000000e2600000, 0x00000000e2600000| Untracked 
|  39|0x00000000e2700000, 0x00000000e2700000, 0x00000000e2800000|  0%| F|  |TAMS 0x00000000e2700000, 0x00000000e2700000| Untracked 
|  40|0x00000000e2800000, 0x00000000e2800000, 0x00000000e2900000|  0%| F|  |TAMS 0x00000000e2800000, 0x00000000e2800000| Untracked 
|  41|0x00000000e2900000, 0x00000000e2900000, 0x00000000e2a00000|  0%| F|  |TAMS 0x00000000e2900000, 0x00000000e2900000| Untracked 
|  42|0x00000000e2a00000, 0x00000000e2a00000, 0x00000000e2b00000|  0%| F|  |TAMS 0x00000000e2a00000, 0x00000000e2a00000| Untracked 
|  43|0x00000000e2b00000, 0x00000000e2b00000, 0x00000000e2c00000|  0%| F|  |TAMS 0x00000000e2b00000, 0x00000000e2b00000| Untracked 
|  44|0x00000000e2c00000, 0x00000000e2c00000, 0x00000000e2d00000|  0%| F|  |TAMS 0x00000000e2c00000, 0x00000000e2c00000| Untracked 
|  45|0x00000000e2d00000, 0x00000000e2d00000, 0x00000000e2e00000|  0%| F|  |TAMS 0x00000000e2d00000, 0x00000000e2d00000| Untracked 
|  46|0x00000000e2e00000, 0x00000000e2e00000, 0x00000000e2f00000|  0%| F|  |TAMS 0x00000000e2e00000, 0x00000000e2e00000| Untracked 
|  47|0x00000000e2f00000, 0x00000000e2f00000, 0x00000000e3000000|  0%| F|  |TAMS 0x00000000e2f00000, 0x00000000e2f00000| Untracked 
|  48|0x00000000e3000000, 0x00000000e3000000, 0x00000000e3100000|  0%| F|  |TAMS 0x00000000e3000000, 0x00000000e3000000| Untracked 
|  49|0x00000000e3100000, 0x00000000e3100000, 0x00000000e3200000|  0%| F|  |TAMS 0x00000000e3100000, 0x00000000e3100000| Untracked 
|  50|0x00000000e3200000, 0x00000000e3200000, 0x00000000e3300000|  0%| F|  |TAMS 0x00000000e3200000, 0x00000000e3200000| Untracked 
|  51|0x00000000e3300000, 0x00000000e3300000, 0x00000000e3400000|  0%| F|  |TAMS 0x00000000e3300000, 0x00000000e3300000| Untracked 
|  52|0x00000000e3400000, 0x00000000e3400000, 0x00000000e3500000|  0%| F|  |TAMS 0x00000000e3400000, 0x00000000e3400000| Untracked 
|  53|0x00000000e3500000, 0x00000000e3500000, 0x00000000e3600000|  0%| F|  |TAMS 0x00000000e3500000, 0x00000000e3500000| Untracked 
|  54|0x00000000e3600000, 0x00000000e3600000, 0x00000000e3700000|  0%| F|  |TAMS 0x00000000e3600000, 0x00000000e3600000| Untracked 
|  55|0x00000000e3700000, 0x00000000e3700000, 0x00000000e3800000|  0%| F|  |TAMS 0x00000000e3700000, 0x00000000e3700000| Untracked 
|  56|0x00000000e3800000, 0x00000000e3800000, 0x00000000e3900000|  0%| F|  |TAMS 0x00000000e3800000, 0x00000000e3800000| Untracked 
|  57|0x00000000e3900000, 0x00000000e3900000, 0x00000000e3a00000|  0%| F|  |TAMS 0x00000000e3900000, 0x00000000e3900000| Untracked 
|  58|0x00000000e3a00000, 0x00000000e3a00000, 0x00000000e3b00000|  0%| F|  |TAMS 0x00000000e3a00000, 0x00000000e3a00000| Untracked 
|  59|0x00000000e3b00000, 0x00000000e3b00000, 0x00000000e3c00000|  0%| F|  |TAMS 0x00000000e3b00000, 0x00000000e3b00000| Untracked 
|  60|0x00000000e3c00000, 0x00000000e3c00000, 0x00000000e3d00000|  0%| F|  |TAMS 0x00000000e3c00000, 0x00000000e3c00000| Untracked 
|  61|0x00000000e3d00000, 0x00000000e3d00000, 0x00000000e3e00000|  0%| F|  |TAMS 0x00000000e3d00000, 0x00000000e3d00000| Untracked 
|  62|0x00000000e3e00000, 0x00000000e3e00000, 0x00000000e3f00000|  0%| F|  |TAMS 0x00000000e3e00000, 0x00000000e3e00000| Untracked 
|  63|0x00000000e3f00000, 0x00000000e3f00000, 0x00000000e4000000|  0%| F|  |TAMS 0x00000000e3f00000, 0x00000000e3f00000| Untracked 
|  64|0x00000000e4000000, 0x00000000e4000000, 0x00000000e4100000|  0%| F|  |TAMS 0x00000000e4000000, 0x00000000e4000000| Untracked 
|  65|0x00000000e4100000, 0x00000000e4100000, 0x00000000e4200000|  0%| F|  |TAMS 0x00000000e4100000, 0x00000000e4100000| Untracked 
|  66|0x00000000e4200000, 0x00000000e4200000, 0x00000000e4300000|  0%| F|  |TAMS 0x00000000e4200000, 0x00000000e4200000| Untracked 
|  67|0x00000000e4300000, 0x00000000e4300000, 0x00000000e4400000|  0%| F|  |TAMS 0x00000000e4300000, 0x00000000e4300000| Untracked 
|  68|0x00000000e4400000, 0x00000000e4400000, 0x00000000e4500000|  0%| F|  |TAMS 0x00000000e4400000, 0x00000000e4400000| Untracked 
|  69|0x00000000e4500000, 0x00000000e4500000, 0x00000000e4600000|  0%| F|  |TAMS 0x00000000e4500000, 0x00000000e4500000| Untracked 
|  70|0x00000000e4600000, 0x00000000e4600000, 0x00000000e4700000|  0%| F|  |TAMS 0x00000000e4600000, 0x00000000e4600000| Untracked 
|  71|0x00000000e4700000, 0x00000000e4700000, 0x00000000e4800000|  0%| F|  |TAMS 0x00000000e4700000, 0x00000000e4700000| Untracked 
|  72|0x00000000e4800000, 0x00000000e4800000, 0x00000000e4900000|  0%| F|  |TAMS 0x00000000e4800000, 0x00000000e4800000| Untracked 
|  73|0x00000000e4900000, 0x00000000e4900000, 0x00000000e4a00000|  0%| F|  |TAMS 0x00000000e4900000, 0x00000000e4900000| Untracked 
|  74|0x00000000e4a00000, 0x00000000e4a00000, 0x00000000e4b00000|  0%| F|  |TAMS 0x00000000e4a00000, 0x00000000e4a00000| Untracked 
|  75|0x00000000e4b00000, 0x00000000e4b00000, 0x00000000e4c00000|  0%| F|  |TAMS 0x00000000e4b00000, 0x00000000e4b00000| Untracked 
|  76|0x00000000e4c00000, 0x00000000e4c00000, 0x00000000e4d00000|  0%| F|  |TAMS 0x00000000e4c00000, 0x00000000e4c00000| Untracked 
|  77|0x00000000e4d00000, 0x00000000e4d00000, 0x00000000e4e00000|  0%| F|  |TAMS 0x00000000e4d00000, 0x00000000e4d00000| Untracked 
|  78|0x00000000e4e00000, 0x00000000e4e00000, 0x00000000e4f00000|  0%| F|  |TAMS 0x00000000e4e00000, 0x00000000e4e00000| Untracked 
|  79|0x00000000e4f00000, 0x00000000e4f00000, 0x00000000e5000000|  0%| F|  |TAMS 0x00000000e4f00000, 0x00000000e4f00000| Untracked 
|  80|0x00000000e5000000, 0x00000000e5000000, 0x00000000e5100000|  0%| F|  |TAMS 0x00000000e5000000, 0x00000000e5000000| Untracked 
|  81|0x00000000e5100000, 0x00000000e5100000, 0x00000000e5200000|  0%| F|  |TAMS 0x00000000e5100000, 0x00000000e5100000| Untracked 
|  82|0x00000000e5200000, 0x00000000e5200000, 0x00000000e5300000|  0%| F|  |TAMS 0x00000000e5200000, 0x00000000e5200000| Untracked 
|  83|0x00000000e5300000, 0x00000000e5300000, 0x00000000e5400000|  0%| F|  |TAMS 0x00000000e5300000, 0x00000000e5300000| Untracked 
|  84|0x00000000e5400000, 0x00000000e5400000, 0x00000000e5500000|  0%| F|  |TAMS 0x00000000e5400000, 0x00000000e5400000| Untracked 
|  85|0x00000000e5500000, 0x00000000e5500000, 0x00000000e5600000|  0%| F|  |TAMS 0x00000000e5500000, 0x00000000e5500000| Untracked 
|  86|0x00000000e5600000, 0x00000000e5600000, 0x00000000e5700000|  0%| F|  |TAMS 0x00000000e5600000, 0x00000000e5600000| Untracked 
|  87|0x00000000e5700000, 0x00000000e5700000, 0x00000000e5800000|  0%| F|  |TAMS 0x00000000e5700000, 0x00000000e5700000| Untracked 
|  88|0x00000000e5800000, 0x00000000e5800000, 0x00000000e5900000|  0%| F|  |TAMS 0x00000000e5800000, 0x00000000e5800000| Untracked 
|  89|0x00000000e5900000, 0x00000000e5900000, 0x00000000e5a00000|  0%| F|  |TAMS 0x00000000e5900000, 0x00000000e5900000| Untracked 
|  90|0x00000000e5a00000, 0x00000000e5a00000, 0x00000000e5b00000|  0%| F|  |TAMS 0x00000000e5a00000, 0x00000000e5a00000| Untracked 
|  91|0x00000000e5b00000, 0x00000000e5b00000, 0x00000000e5c00000|  0%| F|  |TAMS 0x00000000e5b00000, 0x00000000e5b00000| Untracked 
|  92|0x00000000e5c00000, 0x00000000e5c00000, 0x00000000e5d00000|  0%| F|  |TAMS 0x00000000e5c00000, 0x00000000e5c00000| Untracked 
|  93|0x00000000e5d00000, 0x00000000e5d00000, 0x00000000e5e00000|  0%| F|  |TAMS 0x00000000e5d00000, 0x00000000e5d00000| Untracked 
|  94|0x00000000e5e00000, 0x00000000e5e00000, 0x00000000e5f00000|  0%| F|  |TAMS 0x00000000e5e00000, 0x00000000e5e00000| Untracked 
|  95|0x00000000e5f00000, 0x00000000e5f00000, 0x00000000e6000000|  0%| F|  |TAMS 0x00000000e5f00000, 0x00000000e5f00000| Untracked 
|  96|0x00000000e6000000, 0x00000000e6000000, 0x00000000e6100000|  0%| F|  |TAMS 0x00000000e6000000, 0x00000000e6000000| Untracked 
|  97|0x00000000e6100000, 0x00000000e6100000, 0x00000000e6200000|  0%| F|  |TAMS 0x00000000e6100000, 0x00000000e6100000| Untracked 
|  98|0x00000000e6200000, 0x00000000e6200000, 0x00000000e6300000|  0%| F|  |TAMS 0x00000000e6200000, 0x00000000e6200000| Untracked 
|  99|0x00000000e6300000, 0x00000000e6300000, 0x00000000e6400000|  0%| F|  |TAMS 0x00000000e6300000, 0x00000000e6300000| Untracked 
| 100|0x00000000e6400000, 0x00000000e6400000, 0x00000000e6500000|  0%| F|  |TAMS 0x00000000e6400000, 0x00000000e6400000| Untracked 
| 101|0x00000000e6500000, 0x00000000e6500000, 0x00000000e6600000|  0%| F|  |TAMS 0x00000000e6500000, 0x00000000e6500000| Untracked 
| 102|0x00000000e6600000, 0x00000000e6600000, 0x00000000e6700000|  0%| F|  |TAMS 0x00000000e6600000, 0x00000000e6600000| Untracked 
| 103|0x00000000e6700000, 0x00000000e6700000, 0x00000000e6800000|  0%| F|  |TAMS 0x00000000e6700000, 0x00000000e6700000| Untracked 
| 104|0x00000000e6800000, 0x00000000e6800000, 0x00000000e6900000|  0%| F|  |TAMS 0x00000000e6800000, 0x00000000e6800000| Untracked 
| 105|0x00000000e6900000, 0x00000000e6900000, 0x00000000e6a00000|  0%| F|  |TAMS 0x00000000e6900000, 0x00000000e6900000| Untracked 
| 106|0x00000000e6a00000, 0x00000000e6a00000, 0x00000000e6b00000|  0%| F|  |TAMS 0x00000000e6a00000, 0x00000000e6a00000| Untracked 
| 107|0x00000000e6b00000, 0x00000000e6b00000, 0x00000000e6c00000|  0%| F|  |TAMS 0x00000000e6b00000, 0x00000000e6b00000| Untracked 
| 108|0x00000000e6c00000, 0x00000000e6c00000, 0x00000000e6d00000|  0%| F|  |TAMS 0x00000000e6c00000, 0x00000000e6c00000| Untracked 
| 109|0x00000000e6d00000, 0x00000000e6d00000, 0x00000000e6e00000|  0%| F|  |TAMS 0x00000000e6d00000, 0x00000000e6d00000| Untracked 
| 110|0x00000000e6e00000, 0x00000000e6e00000, 0x00000000e6f00000|  0%| F|  |TAMS 0x00000000e6e00000, 0x00000000e6e00000| Untracked 
| 111|0x00000000e6f00000, 0x00000000e6f00000, 0x00000000e7000000|  0%| F|  |TAMS 0x00000000e6f00000, 0x00000000e6f00000| Untracked 
| 112|0x00000000e7000000, 0x00000000e7000000, 0x00000000e7100000|  0%| F|  |TAMS 0x00000000e7000000, 0x00000000e7000000| Untracked 
| 113|0x00000000e7100000, 0x00000000e7100000, 0x00000000e7200000|  0%| F|  |TAMS 0x00000000e7100000, 0x00000000e7100000| Untracked 
| 114|0x00000000e7200000, 0x00000000e7200000, 0x00000000e7300000|  0%| F|  |TAMS 0x00000000e7200000, 0x00000000e7200000| Untracked 
| 115|0x00000000e7300000, 0x00000000e7300000, 0x00000000e7400000|  0%| F|  |TAMS 0x00000000e7300000, 0x00000000e7300000| Untracked 
| 116|0x00000000e7400000, 0x00000000e7400000, 0x00000000e7500000|  0%| F|  |TAMS 0x00000000e7400000, 0x00000000e7400000| Untracked 
| 117|0x00000000e7500000, 0x00000000e7500000, 0x00000000e7600000|  0%| F|  |TAMS 0x00000000e7500000, 0x00000000e7500000| Untracked 
| 118|0x00000000e7600000, 0x00000000e7600000, 0x00000000e7700000|  0%| F|  |TAMS 0x00000000e7600000, 0x00000000e7600000| Untracked 
| 119|0x00000000e7700000, 0x00000000e7700000, 0x00000000e7800000|  0%| F|  |TAMS 0x00000000e7700000, 0x00000000e7700000| Untracked 
| 120|0x00000000e7800000, 0x00000000e7800000, 0x00000000e7900000|  0%| F|  |TAMS 0x00000000e7800000, 0x00000000e7800000| Untracked 
| 121|0x00000000e7900000, 0x00000000e7900000, 0x00000000e7a00000|  0%| F|  |TAMS 0x00000000e7900000, 0x00000000e7900000| Untracked 
| 122|0x00000000e7a00000, 0x00000000e7a00000, 0x00000000e7b00000|  0%| F|  |TAMS 0x00000000e7a00000, 0x00000000e7a00000| Untracked 
| 123|0x00000000e7b00000, 0x00000000e7b00000, 0x00000000e7c00000|  0%| F|  |TAMS 0x00000000e7b00000, 0x00000000e7b00000| Untracked 
| 124|0x00000000e7c00000, 0x00000000e7c00000, 0x00000000e7d00000|  0%| F|  |TAMS 0x00000000e7c00000, 0x00000000e7c00000| Untracked 
| 125|0x00000000e7d00000, 0x00000000e7d00000, 0x00000000e7e00000|  0%| F|  |TAMS 0x00000000e7d00000, 0x00000000e7d00000| Untracked 
| 126|0x00000000e7e00000, 0x00000000e7e00000, 0x00000000e7f00000|  0%| F|  |TAMS 0x00000000e7e00000, 0x00000000e7e00000| Untracked 
| 127|0x00000000e7f00000, 0x00000000e7f00000, 0x00000000e8000000|  0%| F|  |TAMS 0x00000000e7f00000, 0x00000000e7f00000| Untracked 
| 128|0x00000000e8000000, 0x00000000e8000000, 0x00000000e8100000|  0%| F|  |TAMS 0x00000000e8000000, 0x00000000e8000000| Untracked 
| 129|0x00000000e8100000, 0x00000000e8100000, 0x00000000e8200000|  0%| F|  |TAMS 0x00000000e8100000, 0x00000000e8100000| Untracked 
| 130|0x00000000e8200000, 0x00000000e8200000, 0x00000000e8300000|  0%| F|  |TAMS 0x00000000e8200000, 0x00000000e8200000| Untracked 
| 131|0x00000000e8300000, 0x00000000e8300000, 0x00000000e8400000|  0%| F|  |TAMS 0x00000000e8300000, 0x00000000e8300000| Untracked 
| 132|0x00000000e8400000, 0x00000000e8400000, 0x00000000e8500000|  0%| F|  |TAMS 0x00000000e8400000, 0x00000000e8400000| Untracked 
| 133|0x00000000e8500000, 0x00000000e8500000, 0x00000000e8600000|  0%| F|  |TAMS 0x00000000e8500000, 0x00000000e8500000| Untracked 
| 134|0x00000000e8600000, 0x00000000e8600000, 0x00000000e8700000|  0%| F|  |TAMS 0x00000000e8600000, 0x00000000e8600000| Untracked 
| 135|0x00000000e8700000, 0x00000000e8700000, 0x00000000e8800000|  0%| F|  |TAMS 0x00000000e8700000, 0x00000000e8700000| Untracked 
| 136|0x00000000e8800000, 0x00000000e8800000, 0x00000000e8900000|  0%| F|  |TAMS 0x00000000e8800000, 0x00000000e8800000| Untracked 
| 137|0x00000000e8900000, 0x00000000e8900000, 0x00000000e8a00000|  0%| F|  |TAMS 0x00000000e8900000, 0x00000000e8900000| Untracked 
| 138|0x00000000e8a00000, 0x00000000e8a00000, 0x00000000e8b00000|  0%| F|  |TAMS 0x00000000e8a00000, 0x00000000e8a00000| Untracked 
| 139|0x00000000e8b00000, 0x00000000e8b00000, 0x00000000e8c00000|  0%| F|  |TAMS 0x00000000e8b00000, 0x00000000e8b00000| Untracked 
| 140|0x00000000e8c00000, 0x00000000e8c00000, 0x00000000e8d00000|  0%| F|  |TAMS 0x00000000e8c00000, 0x00000000e8c00000| Untracked 
| 141|0x00000000e8d00000, 0x00000000e8d00000, 0x00000000e8e00000|  0%| F|  |TAMS 0x00000000e8d00000, 0x00000000e8d00000| Untracked 
| 142|0x00000000e8e00000, 0x00000000e8e00000, 0x00000000e8f00000|  0%| F|  |TAMS 0x00000000e8e00000, 0x00000000e8e00000| Untracked 
| 143|0x00000000e8f00000, 0x00000000e8f00000, 0x00000000e9000000|  0%| F|  |TAMS 0x00000000e8f00000, 0x00000000e8f00000| Untracked 
| 144|0x00000000e9000000, 0x00000000e9000000, 0x00000000e9100000|  0%| F|  |TAMS 0x00000000e9000000, 0x00000000e9000000| Untracked 
| 145|0x00000000e9100000, 0x00000000e9100000, 0x00000000e9200000|  0%| F|  |TAMS 0x00000000e9100000, 0x00000000e9100000| Untracked 
| 146|0x00000000e9200000, 0x00000000e9200000, 0x00000000e9300000|  0%| F|  |TAMS 0x00000000e9200000, 0x00000000e9200000| Untracked 
| 147|0x00000000e9300000, 0x00000000e9300000, 0x00000000e9400000|  0%| F|  |TAMS 0x00000000e9300000, 0x00000000e9300000| Untracked 
| 148|0x00000000e9400000, 0x00000000e9400000, 0x00000000e9500000|  0%| F|  |TAMS 0x00000000e9400000, 0x00000000e9400000| Untracked 
| 149|0x00000000e9500000, 0x00000000e9500000, 0x00000000e9600000|  0%| F|  |TAMS 0x00000000e9500000, 0x00000000e9500000| Untracked 
| 150|0x00000000e9600000, 0x00000000e9600000, 0x00000000e9700000|  0%| F|  |TAMS 0x00000000e9600000, 0x00000000e9600000| Untracked 
| 151|0x00000000e9700000, 0x00000000e9700000, 0x00000000e9800000|  0%| F|  |TAMS 0x00000000e9700000, 0x00000000e9700000| Untracked 
| 152|0x00000000e9800000, 0x00000000e9800000, 0x00000000e9900000|  0%| F|  |TAMS 0x00000000e9800000, 0x00000000e9800000| Untracked 
| 153|0x00000000e9900000, 0x00000000e9900000, 0x00000000e9a00000|  0%| F|  |TAMS 0x00000000e9900000, 0x00000000e9900000| Untracked 
| 154|0x00000000e9a00000, 0x00000000e9a00000, 0x00000000e9b00000|  0%| F|  |TAMS 0x00000000e9a00000, 0x00000000e9a00000| Untracked 
| 155|0x00000000e9b00000, 0x00000000e9b00000, 0x00000000e9c00000|  0%| F|  |TAMS 0x00000000e9b00000, 0x00000000e9b00000| Untracked 
| 156|0x00000000e9c00000, 0x00000000e9c00000, 0x00000000e9d00000|  0%| F|  |TAMS 0x00000000e9c00000, 0x00000000e9c00000| Untracked 
| 157|0x00000000e9d00000, 0x00000000e9d80800, 0x00000000e9e00000| 50%| E|  |TAMS 0x00000000e9d00000, 0x00000000e9d00000| Complete 
| 158|0x00000000e9e00000, 0x00000000e9f00000, 0x00000000e9f00000|100%| E|CS|TAMS 0x00000000e9e00000, 0x00000000e9e00000| Complete 
| 159|0x00000000e9f00000, 0x00000000ea000000, 0x00000000ea000000|100%| S|CS|TAMS 0x00000000e9f00000, 0x00000000e9f00000| Complete 
| 160|0x00000000ea000000, 0x00000000ea100000, 0x00000000ea100000|100%| S|CS|TAMS 0x00000000ea000000, 0x00000000ea000000| Complete 
| 161|0x00000000ea100000, 0x00000000ea200000, 0x00000000ea200000|100%| S|CS|TAMS 0x00000000ea100000, 0x00000000ea100000| Complete 
| 162|0x00000000ea200000, 0x00000000ea300000, 0x00000000ea300000|100%| S|CS|TAMS 0x00000000ea200000, 0x00000000ea200000| Complete 
| 163|0x00000000ea300000, 0x00000000ea400000, 0x00000000ea400000|100%| S|CS|TAMS 0x00000000ea300000, 0x00000000ea300000| Complete 
| 164|0x00000000ea400000, 0x00000000ea500000, 0x00000000ea500000|100%| S|CS|TAMS 0x00000000ea400000, 0x00000000ea400000| Complete 
| 165|0x00000000ea500000, 0x00000000ea600000, 0x00000000ea600000|100%| S|CS|TAMS 0x00000000ea500000, 0x00000000ea500000| Complete 
| 166|0x00000000ea600000, 0x00000000ea700000, 0x00000000ea700000|100%| S|CS|TAMS 0x00000000ea600000, 0x00000000ea600000| Complete 
| 167|0x00000000ea700000, 0x00000000ea800000, 0x00000000ea800000|100%| S|CS|TAMS 0x00000000ea700000, 0x00000000ea700000| Complete 
| 168|0x00000000ea800000, 0x00000000ea900000, 0x00000000ea900000|100%| S|CS|TAMS 0x00000000ea800000, 0x00000000ea800000| Complete 
| 169|0x00000000ea900000, 0x00000000eaa00000, 0x00000000eaa00000|100%| S|CS|TAMS 0x00000000ea900000, 0x00000000ea900000| Complete 
| 170|0x00000000eaa00000, 0x00000000eab00000, 0x00000000eab00000|100%| S|CS|TAMS 0x00000000eaa00000, 0x00000000eaa00000| Complete 
| 171|0x00000000eab00000, 0x00000000eac00000, 0x00000000eac00000|100%| S|CS|TAMS 0x00000000eab00000, 0x00000000eab00000| Complete 
| 172|0x00000000eac00000, 0x00000000ead00000, 0x00000000ead00000|100%| E|CS|TAMS 0x00000000eac00000, 0x00000000eac00000| Complete 
| 173|0x00000000ead00000, 0x00000000eae00000, 0x00000000eae00000|100%| E|CS|TAMS 0x00000000ead00000, 0x00000000ead00000| Complete 
| 174|0x00000000eae00000, 0x00000000eaf00000, 0x00000000eaf00000|100%| E|CS|TAMS 0x00000000eae00000, 0x00000000eae00000| Complete 
| 175|0x00000000eaf00000, 0x00000000eb000000, 0x00000000eb000000|100%| E|CS|TAMS 0x00000000eaf00000, 0x00000000eaf00000| Complete 
| 176|0x00000000eb000000, 0x00000000eb100000, 0x00000000eb100000|100%| E|CS|TAMS 0x00000000eb000000, 0x00000000eb000000| Complete 
| 177|0x00000000eb100000, 0x00000000eb200000, 0x00000000eb200000|100%| E|CS|TAMS 0x00000000eb100000, 0x00000000eb100000| Complete 
| 178|0x00000000eb200000, 0x00000000eb300000, 0x00000000eb300000|100%| E|CS|TAMS 0x00000000eb200000, 0x00000000eb200000| Complete 
| 179|0x00000000eb300000, 0x00000000eb400000, 0x00000000eb400000|100%| E|CS|TAMS 0x00000000eb300000, 0x00000000eb300000| Complete 
| 180|0x00000000eb400000, 0x00000000eb500000, 0x00000000eb500000|100%| E|CS|TAMS 0x00000000eb400000, 0x00000000eb400000| Complete 
| 181|0x00000000eb500000, 0x00000000eb600000, 0x00000000eb600000|100%| E|CS|TAMS 0x00000000eb500000, 0x00000000eb500000| Complete 
| 182|0x00000000eb600000, 0x00000000eb700000, 0x00000000eb700000|100%| E|CS|TAMS 0x00000000eb600000, 0x00000000eb600000| Complete 
| 183|0x00000000eb700000, 0x00000000eb800000, 0x00000000eb800000|100%| E|CS|TAMS 0x00000000eb700000, 0x00000000eb700000| Complete 
| 184|0x00000000eb800000, 0x00000000eb900000, 0x00000000eb900000|100%| E|CS|TAMS 0x00000000eb800000, 0x00000000eb800000| Complete 
| 185|0x00000000eb900000, 0x00000000eba00000, 0x00000000eba00000|100%| E|CS|TAMS 0x00000000eb900000, 0x00000000eb900000| Complete 
| 186|0x00000000eba00000, 0x00000000ebb00000, 0x00000000ebb00000|100%| E|CS|TAMS 0x00000000eba00000, 0x00000000eba00000| Complete 
| 187|0x00000000ebb00000, 0x00000000ebc00000, 0x00000000ebc00000|100%| E|CS|TAMS 0x00000000ebb00000, 0x00000000ebb00000| Complete 
| 188|0x00000000ebc00000, 0x00000000ebd00000, 0x00000000ebd00000|100%| E|CS|TAMS 0x00000000ebc00000, 0x00000000ebc00000| Complete 
| 189|0x00000000ebd00000, 0x00000000ebe00000, 0x00000000ebe00000|100%| E|CS|TAMS 0x00000000ebd00000, 0x00000000ebd00000| Complete 
| 190|0x00000000ebe00000, 0x00000000ebf00000, 0x00000000ebf00000|100%| E|CS|TAMS 0x00000000ebe00000, 0x00000000ebe00000| Complete 
| 191|0x00000000ebf00000, 0x00000000ec000000, 0x00000000ec000000|100%| E|CS|TAMS 0x00000000ebf00000, 0x00000000ebf00000| Complete 
| 192|0x00000000ec000000, 0x00000000ec100000, 0x00000000ec100000|100%| E|CS|TAMS 0x00000000ec000000, 0x00000000ec000000| Complete 
| 193|0x00000000ec100000, 0x00000000ec200000, 0x00000000ec200000|100%| E|CS|TAMS 0x00000000ec100000, 0x00000000ec100000| Complete 
| 194|0x00000000ec200000, 0x00000000ec300000, 0x00000000ec300000|100%| E|CS|TAMS 0x00000000ec200000, 0x00000000ec200000| Complete 
| 195|0x00000000ec300000, 0x00000000ec400000, 0x00000000ec400000|100%| E|CS|TAMS 0x00000000ec300000, 0x00000000ec300000| Complete 
| 196|0x00000000ec400000, 0x00000000ec500000, 0x00000000ec500000|100%| E|CS|TAMS 0x00000000ec400000, 0x00000000ec400000| Complete 
| 197|0x00000000ec500000, 0x00000000ec600000, 0x00000000ec600000|100%| E|CS|TAMS 0x00000000ec500000, 0x00000000ec500000| Complete 
| 198|0x00000000ec600000, 0x00000000ec700000, 0x00000000ec700000|100%| E|CS|TAMS 0x00000000ec600000, 0x00000000ec600000| Complete 
| 199|0x00000000ec700000, 0x00000000ec800000, 0x00000000ec800000|100%| E|CS|TAMS 0x00000000ec700000, 0x00000000ec700000| Complete 
| 200|0x00000000ec800000, 0x00000000ec900000, 0x00000000ec900000|100%| E|CS|TAMS 0x00000000ec800000, 0x00000000ec800000| Complete 
| 201|0x00000000ec900000, 0x00000000eca00000, 0x00000000eca00000|100%| E|CS|TAMS 0x00000000ec900000, 0x00000000ec900000| Complete 
| 202|0x00000000eca00000, 0x00000000ecb00000, 0x00000000ecb00000|100%| E|CS|TAMS 0x00000000eca00000, 0x00000000eca00000| Complete 
| 203|0x00000000ecb00000, 0x00000000ecc00000, 0x00000000ecc00000|100%| E|CS|TAMS 0x00000000ecb00000, 0x00000000ecb00000| Complete 
| 204|0x00000000ecc00000, 0x00000000ecd00000, 0x00000000ecd00000|100%| E|CS|TAMS 0x00000000ecc00000, 0x00000000ecc00000| Complete 
| 205|0x00000000ecd00000, 0x00000000ece00000, 0x00000000ece00000|100%| E|CS|TAMS 0x00000000ecd00000, 0x00000000ecd00000| Complete 
| 206|0x00000000ece00000, 0x00000000ecf00000, 0x00000000ecf00000|100%| E|CS|TAMS 0x00000000ece00000, 0x00000000ece00000| Complete 
| 207|0x00000000ecf00000, 0x00000000ed000000, 0x00000000ed000000|100%| E|CS|TAMS 0x00000000ecf00000, 0x00000000ecf00000| Complete 
| 208|0x00000000ed000000, 0x00000000ed100000, 0x00000000ed100000|100%| E|CS|TAMS 0x00000000ed000000, 0x00000000ed000000| Complete 
| 209|0x00000000ed100000, 0x00000000ed200000, 0x00000000ed200000|100%| E|CS|TAMS 0x00000000ed100000, 0x00000000ed100000| Complete 
| 210|0x00000000ed200000, 0x00000000ed300000, 0x00000000ed300000|100%| E|CS|TAMS 0x00000000ed200000, 0x00000000ed200000| Complete 
| 211|0x00000000ed300000, 0x00000000ed400000, 0x00000000ed400000|100%| E|CS|TAMS 0x00000000ed300000, 0x00000000ed300000| Complete 
| 212|0x00000000ed400000, 0x00000000ed500000, 0x00000000ed500000|100%| E|CS|TAMS 0x00000000ed400000, 0x00000000ed400000| Complete 
| 213|0x00000000ed500000, 0x00000000ed600000, 0x00000000ed600000|100%| E|CS|TAMS 0x00000000ed500000, 0x00000000ed500000| Complete 
| 214|0x00000000ed600000, 0x00000000ed700000, 0x00000000ed700000|100%| E|CS|TAMS 0x00000000ed600000, 0x00000000ed600000| Complete 
| 215|0x00000000ed700000, 0x00000000ed800000, 0x00000000ed800000|100%| E|CS|TAMS 0x00000000ed700000, 0x00000000ed700000| Complete 
| 216|0x00000000ed800000, 0x00000000ed900000, 0x00000000ed900000|100%| E|CS|TAMS 0x00000000ed800000, 0x00000000ed800000| Complete 
| 217|0x00000000ed900000, 0x00000000eda00000, 0x00000000eda00000|100%| E|CS|TAMS 0x00000000ed900000, 0x00000000ed900000| Complete 
| 218|0x00000000eda00000, 0x00000000edb00000, 0x00000000edb00000|100%| E|CS|TAMS 0x00000000eda00000, 0x00000000eda00000| Complete 
| 219|0x00000000edb00000, 0x00000000edc00000, 0x00000000edc00000|100%| E|CS|TAMS 0x00000000edb00000, 0x00000000edb00000| Complete 
| 220|0x00000000edc00000, 0x00000000edd00000, 0x00000000edd00000|100%| E|CS|TAMS 0x00000000edc00000, 0x00000000edc00000| Complete 
| 221|0x00000000edd00000, 0x00000000ede00000, 0x00000000ede00000|100%| E|CS|TAMS 0x00000000edd00000, 0x00000000edd00000| Complete 
| 222|0x00000000ede00000, 0x00000000edf00000, 0x00000000edf00000|100%| E|CS|TAMS 0x00000000ede00000, 0x00000000ede00000| Complete 
| 223|0x00000000edf00000, 0x00000000ee000000, 0x00000000ee000000|100%| E|CS|TAMS 0x00000000edf00000, 0x00000000edf00000| Complete 
| 224|0x00000000ee000000, 0x00000000ee100000, 0x00000000ee100000|100%| E|CS|TAMS 0x00000000ee000000, 0x00000000ee000000| Complete 
| 225|0x00000000ee100000, 0x00000000ee200000, 0x00000000ee200000|100%| E|CS|TAMS 0x00000000ee100000, 0x00000000ee100000| Complete 
| 226|0x00000000ee200000, 0x00000000ee300000, 0x00000000ee300000|100%| E|CS|TAMS 0x00000000ee200000, 0x00000000ee200000| Complete 
| 227|0x00000000ee300000, 0x00000000ee400000, 0x00000000ee400000|100%| E|CS|TAMS 0x00000000ee300000, 0x00000000ee300000| Complete 
| 228|0x00000000ee400000, 0x00000000ee500000, 0x00000000ee500000|100%| E|CS|TAMS 0x00000000ee400000, 0x00000000ee400000| Complete 
| 229|0x00000000ee500000, 0x00000000ee600000, 0x00000000ee600000|100%| E|CS|TAMS 0x00000000ee500000, 0x00000000ee500000| Complete 
| 230|0x00000000ee600000, 0x00000000ee700000, 0x00000000ee700000|100%| E|CS|TAMS 0x00000000ee600000, 0x00000000ee600000| Complete 
| 231|0x00000000ee700000, 0x00000000ee800000, 0x00000000ee800000|100%| E|CS|TAMS 0x00000000ee700000, 0x00000000ee700000| Complete 
| 232|0x00000000ee800000, 0x00000000ee900000, 0x00000000ee900000|100%| E|CS|TAMS 0x00000000ee800000, 0x00000000ee800000| Complete 
| 233|0x00000000ee900000, 0x00000000eea00000, 0x00000000eea00000|100%| E|CS|TAMS 0x00000000ee900000, 0x00000000ee900000| Complete 
| 234|0x00000000eea00000, 0x00000000eeb00000, 0x00000000eeb00000|100%| E|CS|TAMS 0x00000000eea00000, 0x00000000eea00000| Complete 
| 235|0x00000000eeb00000, 0x00000000eec00000, 0x00000000eec00000|100%| E|CS|TAMS 0x00000000eeb00000, 0x00000000eeb00000| Complete 
| 236|0x00000000eec00000, 0x00000000eed00000, 0x00000000eed00000|100%| E|CS|TAMS 0x00000000eec00000, 0x00000000eec00000| Complete 
| 237|0x00000000eed00000, 0x00000000eee00000, 0x00000000eee00000|100%| E|CS|TAMS 0x00000000eed00000, 0x00000000eed00000| Complete 
| 238|0x00000000eee00000, 0x00000000eef00000, 0x00000000eef00000|100%| E|CS|TAMS 0x00000000eee00000, 0x00000000eee00000| Complete 
| 239|0x00000000eef00000, 0x00000000ef000000, 0x00000000ef000000|100%| E|CS|TAMS 0x00000000eef00000, 0x00000000eef00000| Complete 
| 240|0x00000000ef000000, 0x00000000ef100000, 0x00000000ef100000|100%| E|CS|TAMS 0x00000000ef000000, 0x00000000ef000000| Complete 
| 241|0x00000000ef100000, 0x00000000ef200000, 0x00000000ef200000|100%| E|CS|TAMS 0x00000000ef100000, 0x00000000ef100000| Complete 
| 242|0x00000000ef200000, 0x00000000ef300000, 0x00000000ef300000|100%| E|CS|TAMS 0x00000000ef200000, 0x00000000ef200000| Complete 
| 243|0x00000000ef300000, 0x00000000ef400000, 0x00000000ef400000|100%| E|CS|TAMS 0x00000000ef300000, 0x00000000ef300000| Complete 
| 244|0x00000000ef400000, 0x00000000ef500000, 0x00000000ef500000|100%| E|CS|TAMS 0x00000000ef400000, 0x00000000ef400000| Complete 
| 245|0x00000000ef500000, 0x00000000ef600000, 0x00000000ef600000|100%| E|CS|TAMS 0x00000000ef500000, 0x00000000ef500000| Complete 
| 246|0x00000000ef600000, 0x00000000ef700000, 0x00000000ef700000|100%| E|CS|TAMS 0x00000000ef600000, 0x00000000ef600000| Complete 
| 247|0x00000000ef700000, 0x00000000ef800000, 0x00000000ef800000|100%| E|CS|TAMS 0x00000000ef700000, 0x00000000ef700000| Complete 
| 248|0x00000000ef800000, 0x00000000ef900000, 0x00000000ef900000|100%| E|CS|TAMS 0x00000000ef800000, 0x00000000ef800000| Complete 
| 249|0x00000000ef900000, 0x00000000efa00000, 0x00000000efa00000|100%| E|CS|TAMS 0x00000000ef900000, 0x00000000ef900000| Complete 
| 250|0x00000000efa00000, 0x00000000efb00000, 0x00000000efb00000|100%| E|CS|TAMS 0x00000000efa00000, 0x00000000efa00000| Complete 
| 251|0x00000000efb00000, 0x00000000efc00000, 0x00000000efc00000|100%| E|CS|TAMS 0x00000000efb00000, 0x00000000efb00000| Complete 
| 252|0x00000000efc00000, 0x00000000efd00000, 0x00000000efd00000|100%| E|CS|TAMS 0x00000000efc00000, 0x00000000efc00000| Complete 
| 253|0x00000000efd00000, 0x00000000efe00000, 0x00000000efe00000|100%| E|CS|TAMS 0x00000000efd00000, 0x00000000efd00000| Complete 
| 254|0x00000000efe00000, 0x00000000eff00000, 0x00000000eff00000|100%| E|CS|TAMS 0x00000000efe00000, 0x00000000efe00000| Complete 
| 255|0x00000000eff00000, 0x00000000f0000000, 0x00000000f0000000|100%| E|CS|TAMS 0x00000000eff00000, 0x00000000eff00000| Complete 

Card table byte_map: [0x000001cdd7d60000,0x000001cdd7e60000] _byte_map_base: 0x000001cdd7660000

Marking Bits (Prev, Next): (CMBitMap*) 0x000001cdc030a7a0, (CMBitMap*) 0x000001cdc030a768
 Prev Bits: [0x000001cdd8760000, 0x000001cdd8f60000)
 Next Bits: [0x000001cdd7f60000, 0x000001cdd8760000)

Polling page: 0x000001cdbe940000

Metaspace:

Usage:
  Non-class:     54.40 MB capacity,    53.34 MB ( 98%) used,   907.00 KB (  2%) free+waste,   180.56 KB ( <1%) overhead. 
      Class:      8.60 MB capacity,     7.97 MB ( 93%) used,   556.09 KB (  6%) free+waste,    87.06 KB ( <1%) overhead. 
       Both:     63.00 MB capacity,    61.31 MB ( 97%) used,     1.43 MB (  2%) free+waste,   267.63 KB ( <1%) overhead. 

Virtual space:
  Non-class space:       56.00 MB reserved,      54.45 MB ( 97%) committed 
      Class space:      248.00 MB reserved,       8.71 MB (  4%) committed 
             Both:      304.00 MB reserved,      63.16 MB ( 21%) committed 

Chunk freelists:
   Non-Class:  6.25 KB
       Class:  0 bytes
        Both:  6.25 KB

CodeHeap 'non-profiled nmethods': size=120064Kb used=3895Kb max_used=3895Kb free=116168Kb
 bounds [0x000001cdd00f0000, 0x000001cdd04c0000, 0x000001cdd7630000]
CodeHeap 'profiled nmethods': size=120000Kb used=13386Kb max_used=13386Kb free=106613Kb
 bounds [0x000001cdc8bc0000, 0x000001cdc98e0000, 0x000001cdd00f0000]
CodeHeap 'non-nmethods': size=5696Kb used=2268Kb max_used=2313Kb free=3427Kb
 bounds [0x000001cdc8630000, 0x000001cdc88a0000, 0x000001cdc8bc0000]
 total_blobs=8610 nmethods=5948 adapters=770
 compilation: enabled
              stopped_count=0, restarted_count=0
 full_count=0

Compilation events (10 events):
Event: 38.436 Thread 0x000001cddb5a3000 6204       1       org.gradle.StartParameter::isOffline (5 bytes)
Event: 38.436 Thread 0x000001cddb5a3000 nmethod 6204 0x000001cdd04bd810 code [0x000001cdd04bd9c0, 0x000001cdd04bdad8]
Event: 38.437 Thread 0x000001cddb5a3000 6205       3       com.google.common.collect.Lists::newLinkedList (8 bytes)
Event: 38.438 Thread 0x000001cddb5a3000 nmethod 6205 0x000001cdc98d6c90 code [0x000001cdc98d6e60, 0x000001cdc98d71d8]
Event: 38.446 Thread 0x000001cddb5a3000 6206   !   3       com.esotericsoftware.kryo.io.Input::fill (32 bytes)
Event: 38.446 Thread 0x000001cddb5a3000 nmethod 6206 0x000001cdc98d7310 code [0x000001cdc98d74e0, 0x000001cdc98d7840]
Event: 38.448 Thread 0x000001cddb5a3000 6207       3       com.google.common.collect.ImmutableSet$RegularSetBuilderImpl::maxRunBeforeFallback (11 bytes)
Event: 38.448 Thread 0x000001cddb5a3000 nmethod 6207 0x000001cdc98d7990 code [0x000001cdc98d7b40, 0x000001cdc98d7cd0]
Event: 38.449 Thread 0x000001cddb5a3000 6208       1       org.gradle.internal.component.local.model.DefaultLocalComponentMetadata$DefaultLocalConfigurationMetadata::getName (5 bytes)
Event: 38.449 Thread 0x000001cddb5a3000 nmethod 6208 0x000001cdd04bdb90 code [0x000001cdd04bdd40, 0x000001cdd04bde58]

GC Heap History (10 events):
Event: 9.217 GC heap before
{Heap before GC invocations=3 (full 0):
 garbage-first heap   total 262144K, used 83338K [0x00000000e0000000, 0x0000000100000000)
  region size 1024K, 74 young (75776K), 4 survivors (4096K)
 Metaspace       used 20843K, capacity 21209K, committed 21296K, reserved 274432K
  class space    used 2550K, capacity 2684K, committed 2688K, reserved 253952K
}
Event: 9.231 GC heap after
{Heap after GC invocations=4 (full 0):
 garbage-first heap   total 262144K, used 17309K [0x00000000e0000000, 0x0000000100000000)
  region size 1024K, 10 young (10240K), 10 survivors (10240K)
 Metaspace       used 20843K, capacity 21209K, committed 21296K, reserved 274432K
  class space    used 2550K, capacity 2684K, committed 2688K, reserved 253952K
}
Event: 13.298 GC heap before
{Heap before GC invocations=5 (full 0):
 garbage-first heap   total 262144K, used 98205K [0x00000000e0000000, 0x0000000100000000)
  region size 1024K, 89 young (91136K), 10 survivors (10240K)
 Metaspace       used 28769K, capacity 29472K, committed 29696K, reserved 280576K
  class space    used 3807K, capacity 4065K, committed 4096K, reserved 253952K
}
Event: 13.316 GC heap after
{Heap after GC invocations=6 (full 0):
 garbage-first heap   total 262144K, used 20003K [0x00000000e0000000, 0x0000000100000000)
  region size 1024K, 9 young (9216K), 9 survivors (9216K)
 Metaspace       used 28769K, capacity 29472K, committed 29696K, reserved 280576K
  class space    used 3807K, capacity 4065K, committed 4096K, reserved 253952K
}
Event: 19.174 GC heap before
{Heap before GC invocations=6 (full 0):
 garbage-first heap   total 262144K, used 69155K [0x00000000e0000000, 0x0000000100000000)
  region size 1024K, 58 young (59392K), 9 survivors (9216K)
 Metaspace       used 35067K, capacity 35921K, committed 36048K, reserved 286720K
  class space    used 4699K, capacity 5066K, committed 5120K, reserved 253952K
}
Event: 19.186 GC heap after
{Heap after GC invocations=7 (full 0):
 garbage-first heap   total 262144K, used 22724K [0x00000000e0000000, 0x0000000100000000)
  region size 1024K, 6 young (6144K), 6 survivors (6144K)
 Metaspace       used 35067K, capacity 35921K, committed 36048K, reserved 286720K
  class space    used 4699K, capacity 5066K, committed 5120K, reserved 253952K
}
Event: 21.906 GC heap before
{Heap before GC invocations=8 (full 0):
 garbage-first heap   total 262144K, used 155844K [0x00000000e0000000, 0x0000000100000000)
  region size 1024K, 133 young (136192K), 6 survivors (6144K)
 Metaspace       used 48239K, capacity 49303K, committed 49488K, reserved 296960K
  class space    used 6256K, capacity 6682K, committed 6784K, reserved 253952K
}
Event: 21.924 GC heap after
{Heap after GC invocations=9 (full 0):
 garbage-first heap   total 262144K, used 30781K [0x00000000e0000000, 0x0000000100000000)
  region size 1024K, 14 young (14336K), 14 survivors (14336K)
 Metaspace       used 48239K, capacity 49303K, committed 49488K, reserved 296960K
  class space    used 6256K, capacity 6682K, committed 6784K, reserved 253952K
}
Event: 27.197 GC heap before
{Heap before GC invocations=9 (full 0):
 garbage-first heap   total 262144K, used 115773K [0x00000000e0000000, 0x0000000100000000)
  region size 1024K, 98 young (100352K), 14 survivors (14336K)
 Metaspace       used 58974K, capacity 60439K, committed 60496K, reserved 307200K
  class space    used 7719K, capacity 8301K, committed 8320K, reserved 253952K
}
Event: 27.226 GC heap after
{Heap after GC invocations=10 (full 0):
 garbage-first heap   total 262144K, used 35053K [0x00000000e0000000, 0x0000000100000000)
  region size 1024K, 13 young (13312K), 13 survivors (13312K)
 Metaspace       used 58974K, capacity 60439K, committed 60496K, reserved 307200K
  class space    used 7719K, capacity 8301K, committed 8320K, reserved 253952K
}

Deoptimization events (10 events):
Event: 35.971 Thread 0x000001cddcdc0000 Uncommon trap: reason=unstable_if action=reinterpret pc=0x000001cdd046b428 method=io.spring.gradle.dependencymanagement.org.codehaus.plexus.util.xml.pull.MXParser.nextImpl()I @ 495 c2
Event: 37.363 Thread 0x000001cddcdc0000 Uncommon trap: reason=speculate_class_check action=maybe_recompile pc=0x000001cdd047a4a0 method=jdk.internal.reflect.UnsafeObjectFieldAccessorImpl.get(Ljava/lang/Object;)Ljava/lang/Object; @ 13 c2
Event: 37.363 Thread 0x000001cddcdc0000 Uncommon trap: reason=speculate_class_check action=maybe_recompile pc=0x000001cdd047a4a0 method=jdk.internal.reflect.UnsafeObjectFieldAccessorImpl.get(Ljava/lang/Object;)Ljava/lang/Object; @ 13 c2
Event: 37.363 Thread 0x000001cddcdc0000 Uncommon trap: reason=speculate_class_check action=maybe_recompile pc=0x000001cdd047a4a0 method=jdk.internal.reflect.UnsafeObjectFieldAccessorImpl.get(Ljava/lang/Object;)Ljava/lang/Object; @ 13 c2
Event: 37.363 Thread 0x000001cddcdc0000 Uncommon trap: reason=speculate_class_check action=maybe_recompile pc=0x000001cdd047a4a0 method=jdk.internal.reflect.UnsafeObjectFieldAccessorImpl.get(Ljava/lang/Object;)Ljava/lang/Object; @ 13 c2
Event: 37.554 Thread 0x000001cddcdc0000 Uncommon trap: reason=unstable_if action=reinterpret pc=0x000001cdd04727f8 method=io.spring.gradle.dependencymanagement.org.codehaus.plexus.util.xml.pull.MXParser.nextImpl()I @ 871 c2
Event: 37.577 Thread 0x000001cddcdc0000 Uncommon trap: reason=unstable_if action=reinterpret pc=0x000001cdd045f098 method=io.spring.gradle.dependencymanagement.org.codehaus.plexus.util.xml.pull.MXParser.isS(C)Z @ 21 c2
Event: 38.312 Thread 0x000001cddcdc0000 Uncommon trap: reason=unstable_if action=reinterpret pc=0x000001cdd0110878 method=java.lang.String.indexOf(II)I @ 4 c2
Event: 38.312 Thread 0x000001cddcdc0000 Uncommon trap: reason=unstable_if action=reinterpret pc=0x000001cdd0134f98 method=java.lang.String.substring(II)Ljava/lang/String; @ 31 c2
Event: 38.327 Thread 0x000001cddcdc0000 Uncommon trap: reason=unstable_if action=reinterpret pc=0x000001cdd04976b0 method=io.spring.gradle.dependencymanagement.org.codehaus.plexus.util.xml.pull.MXParser.nextImpl()I @ 965 c2

Classes redefined (0 events):
No events

Internal exceptions (10 events):
Event: 29.184 Thread 0x000001cddcdc0000 Exception <a 'java/lang/ClassNotFoundException'{0x00000000ecb6ca50}: org/gradle/api/tasks/compile/CompileOptionsCustomizer> (0x00000000ecb6ca50) thrown at [t:/workspace/open/src/hotspot/share/classfile/systemDictionary.cpp, line 231]
Event: 29.198 Thread 0x000001cddcdc0000 Exception <a 'java/lang/ClassNotFoundException'{0x00000000ecbc6a50}: org/gradle/api/tasks/compile/CompileOptions_DecoratedCustomizer> (0x00000000ecbc6a50) thrown at [t:/workspace/open/src/hotspot/share/classfile/systemDictionary.cpp, line 231]
Event: 29.259 Thread 0x000001cddcdc0000 Exception <a 'java/lang/ClassNotFoundException'{0x00000000ec93e6c8}: java/util/ArrayListBeanInfo> (0x00000000ec93e6c8) thrown at [t:/workspace/open/src/hotspot/share/classfile/systemDictionary.cpp, line 231]
Event: 29.262 Thread 0x000001cddcdc0000 Exception <a 'java/lang/ClassNotFoundException'{0x00000000ec947a38}: java/util/ArrayListCustomizer> (0x00000000ec947a38) thrown at [t:/workspace/open/src/hotspot/share/classfile/systemDictionary.cpp, line 231]
Event: 29.300 Thread 0x000001cddcdc0000 Exception <a 'java/lang/ClassNotFoundException'{0x00000000ec7bce10}: org/gradle/api/internal/artifacts/configurations/DefaultConfiguration_DecoratedBeanInfo> (0x00000000ec7bce10) thrown at [t:/workspace/open/src/hotspot/share/classfile/systemDictionary.cp
Event: 29.302 Thread 0x000001cddcdc0000 Exception <a 'java/lang/ClassNotFoundException'{0x00000000ec7e4450}: org/gradle/api/internal/artifacts/configurations/DefaultConfigurationBeanInfo> (0x00000000ec7e4450) thrown at [t:/workspace/open/src/hotspot/share/classfile/systemDictionary.cpp, line 23
Event: 29.303 Thread 0x000001cddcdc0000 Exception <a 'java/lang/ClassNotFoundException'{0x00000000ec7face8}: org/gradle/api/internal/file/AbstractFileCollectionBeanInfo> (0x00000000ec7face8) thrown at [t:/workspace/open/src/hotspot/share/classfile/systemDictionary.cpp, line 231]
Event: 29.304 Thread 0x000001cddcdc0000 Exception <a 'java/lang/ClassNotFoundException'{0x00000000ec611a78}: org/gradle/api/internal/file/AbstractFileCollectionCustomizer> (0x00000000ec611a78) thrown at [t:/workspace/open/src/hotspot/share/classfile/systemDictionary.cpp, line 231]
Event: 29.333 Thread 0x000001cddcdc0000 Exception <a 'java/lang/ClassNotFoundException'{0x00000000ec64b148}: org/gradle/api/internal/artifacts/configurations/DefaultConfigurationCustomizer> (0x00000000ec64b148) thrown at [t:/workspace/open/src/hotspot/share/classfile/systemDictionary.cpp, line 
Event: 29.339 Thread 0x000001cddcdc0000 Exception <a 'java/lang/ClassNotFoundException'{0x00000000ec6d5590}: org/gradle/api/internal/artifacts/configurations/DefaultConfiguration_DecoratedCustomizer> (0x00000000ec6d5590) thrown at [t:/workspace/open/src/hotspot/share/classfile/systemDictionary.

Events (10 events):
Event: 38.213 Thread 0x000001cde091e800 Thread added: 0x000001cde091e800
Event: 38.312 Thread 0x000001cddcdc0000 Uncommon trap: trap_request=0xffffff4d fr.pc=0x000001cdd0110878 relative=0x0000000000000158
Event: 38.312 Thread 0x000001cddcdc0000 DEOPT PACKING pc=0x000001cdd0110878 sp=0x0000007d100f8da0
Event: 38.312 Thread 0x000001cddcdc0000 DEOPT UNPACKING pc=0x000001cdc8658f2f sp=0x0000007d100f8cd0 mode 2
Event: 38.312 Thread 0x000001cddcdc0000 Uncommon trap: trap_request=0xffffff4d fr.pc=0x000001cdd0134f98 relative=0x0000000000000458
Event: 38.312 Thread 0x000001cddcdc0000 DEOPT PACKING pc=0x000001cdd0134f98 sp=0x0000007d100f8d30
Event: 38.312 Thread 0x000001cddcdc0000 DEOPT UNPACKING pc=0x000001cdc8658f2f sp=0x0000007d100f8d00 mode 2
Event: 38.327 Thread 0x000001cddcdc0000 Uncommon trap: trap_request=0xffffff4d fr.pc=0x000001cdd04976b0 relative=0x0000000000000cf0
Event: 38.327 Thread 0x000001cddcdc0000 DEOPT PACKING pc=0x000001cdd04976b0 sp=0x0000007d100f8e30
Event: 38.327 Thread 0x000001cddcdc0000 DEOPT UNPACKING pc=0x000001cdc8658f2f sp=0x0000007d100f8dc8 mode 2


Dynamic libraries:
0x00007ff7fb7e0000 - 0x00007ff7fb827000 	C:\Program Files\Java\jdk-11\bin\java.exe
0x00007ff9559d0000 - 0x00007ff955bc8000 	C:\Windows\SYSTEM32\ntdll.dll
0x00007ff9543d0000 - 0x00007ff95448f000 	C:\Windows\System32\KERNEL32.DLL
0x00007ff953740000 - 0x00007ff953a12000 	C:\Windows\System32\KERNELBASE.dll
0x00007ff9556b0000 - 0x00007ff95575e000 	C:\Windows\System32\ADVAPI32.dll
0x00007ff954f00000 - 0x00007ff954f9e000 	C:\Windows\System32\msvcrt.dll
0x00007ff954e60000 - 0x00007ff954efc000 	C:\Windows\System32\sechost.dll
0x00007ff9542a0000 - 0x00007ff9543c4000 	C:\Windows\System32\RPCRT4.dll
0x00007ff9545a0000 - 0x00007ff954741000 	C:\Windows\System32\USER32.dll
0x00007ff9533c0000 - 0x00007ff9533e2000 	C:\Windows\System32\win32u.dll
0x00007ff954570000 - 0x00007ff95459b000 	C:\Windows\System32\GDI32.dll
0x00007ff953200000 - 0x00007ff95330f000 	C:\Windows\System32\gdi32full.dll
0x00007ff9536a0000 - 0x00007ff95373d000 	C:\Windows\System32\msvcp_win.dll
0x00007ff953550000 - 0x00007ff953650000 	C:\Windows\System32\ucrtbase.dll
0x00007ff940560000 - 0x00007ff9407fa000 	C:\Windows\WinSxS\amd64_microsoft.windows.common-controls_6595b64144ccf1df_6.0.19041.1110_none_60b5254171f9507e\COMCTL32.dll
0x00007ff94b260000 - 0x00007ff94b26a000 	C:\Windows\SYSTEM32\VERSION.dll
0x00007ff954fa0000 - 0x00007ff954fd0000 	C:\Windows\System32\IMM32.DLL
0x00007ff941330000 - 0x00007ff941346000 	C:\Program Files\Java\jdk-11\bin\vcruntime140.dll
0x00007ff909b00000 - 0x00007ff909baa000 	C:\Program Files\Java\jdk-11\bin\msvcp140.dll
0x00007ff8be100000 - 0x00007ff8bec42000 	C:\Program Files\Java\jdk-11\bin\server\jvm.dll
0x00007ff954560000 - 0x00007ff954568000 	C:\Windows\System32\PSAPI.DLL
0x00007ff92bc00000 - 0x00007ff92bc09000 	C:\Windows\SYSTEM32\WSOCK32.dll
0x00007ff93b520000 - 0x00007ff93b547000 	C:\Windows\SYSTEM32\WINMM.dll
0x00007ff954df0000 - 0x00007ff954e5b000 	C:\Windows\System32\WS2_32.dll
0x00007ff950f90000 - 0x00007ff950fa2000 	C:\Windows\SYSTEM32\kernel.appcore.dll
0x00007ff93fa80000 - 0x00007ff93fa91000 	C:\Program Files\Java\jdk-11\bin\verify.dll
0x00007ff939c90000 - 0x00007ff939e74000 	C:\Windows\SYSTEM32\DBGHELP.DLL
0x00007ff939780000 - 0x00007ff9397b5000 	C:\Windows\SYSTEM32\dbgcore.DLL
0x00007ff953100000 - 0x00007ff953182000 	C:\Windows\System32\bcryptPrimitives.dll
0x00007ff93fa50000 - 0x00007ff93fa79000 	C:\Program Files\Java\jdk-11\bin\java.dll
0x00007ff91b6b0000 - 0x00007ff91b6c6000 	C:\Program Files\Java\jdk-11\bin\zip.dll
0x00007ff94d650000 - 0x00007ff94d65a000 	C:\Program Files\Java\jdk-11\bin\jimage.dll
0x00007ff953b50000 - 0x00007ff954295000 	C:\Windows\System32\SHELL32.dll
0x00007ff951190000 - 0x00007ff951922000 	C:\Windows\SYSTEM32\windows.storage.dll
0x00007ff955190000 - 0x00007ff9554e5000 	C:\Windows\System32\combase.dll
0x00007ff952b30000 - 0x00007ff952b60000 	C:\Windows\SYSTEM32\Wldp.dll
0x00007ff955760000 - 0x00007ff95580d000 	C:\Windows\System32\SHCORE.dll
0x00007ff954800000 - 0x00007ff954855000 	C:\Windows\System32\shlwapi.dll
0x00007ff953010000 - 0x00007ff95302f000 	C:\Windows\SYSTEM32\profapi.dll
0x00007ff91b690000 - 0x00007ff91b6a9000 	C:\Program Files\Java\jdk-11\bin\net.dll
0x00007ff944860000 - 0x00007ff94496a000 	C:\Windows\SYSTEM32\WINHTTP.dll
0x00007ff952890000 - 0x00007ff9528fa000 	C:\Windows\system32\mswsock.dll
0x00007ff91b670000 - 0x00007ff91b683000 	C:\Program Files\Java\jdk-11\bin\nio.dll
0x00007ff9402c0000 - 0x00007ff9402e7000 	C:\Users\Aritra\.gradle\native\68d5fa5c4cc2d200863cafc0d521ce42e7d3e7ee720ec0a83991735586a16f82\windows-amd64\native-platform.dll
0x00007ff90cb30000 - 0x00007ff90cc74000 	C:\Users\Aritra\.gradle\native\e376f236ea51e6404a007f0833ffe2c6e607c4080706a723a18a27aeea778392\windows-amd64\native-platform-file-events.dll
0x00007ff93e6b0000 - 0x00007ff93e6b9000 	C:\Program Files\Java\jdk-11\bin\management.dll
0x00007ff93e630000 - 0x00007ff93e63c000 	C:\Program Files\Java\jdk-11\bin\management_ext.dll
0x00007ff952a80000 - 0x00007ff952a98000 	C:\Windows\SYSTEM32\CRYPTSP.dll
0x00007ff952140000 - 0x00007ff952174000 	C:\Windows\system32\rsaenh.dll
0x00007ff9530d0000 - 0x00007ff9530f7000 	C:\Windows\System32\bcrypt.dll
0x00007ff952f90000 - 0x00007ff952fbe000 	C:\Windows\SYSTEM32\USERENV.dll
0x00007ff952aa0000 - 0x00007ff952aac000 	C:\Windows\SYSTEM32\CRYPTBASE.dll
0x00007ff952530000 - 0x00007ff95256b000 	C:\Windows\SYSTEM32\IPHLPAPI.DLL
0x00007ff955890000 - 0x00007ff955898000 	C:\Windows\System32\NSI.dll
0x00007ff948b40000 - 0x00007ff948b57000 	C:\Windows\SYSTEM32\dhcpcsvc6.DLL
0x00007ff949e30000 - 0x00007ff949e4d000 	C:\Windows\SYSTEM32\dhcpcsvc.DLL
0x00007ff952580000 - 0x00007ff95264b000 	C:\Windows\SYSTEM32\DNSAPI.dll
0x00007ff9441f0000 - 0x00007ff9441fd000 	C:\Program Files\Java\jdk-11\bin\sunmscapi.dll
0x00007ff9533f0000 - 0x00007ff953546000 	C:\Windows\System32\CRYPT32.dll
0x00007ff952ba0000 - 0x00007ff952bc7000 	C:\Windows\SYSTEM32\ncrypt.dll
0x00007ff952b60000 - 0x00007ff952b9b000 	C:\Windows\SYSTEM32\NTASN1.dll
0x00007ff940260000 - 0x00007ff940287000 	C:\Program Files\Java\jdk-11\bin\sunec.dll
0x00007ff93de60000 - 0x00007ff93de6a000 	C:\Windows\System32\rasadhlp.dll
0x00007ff93f1e0000 - 0x00007ff93f260000 	C:\Windows\System32\fwpuclnt.dll

dbghelp: loaded successfully - version: 4.0.5 - missing functions: none
symbol engine: initialized successfully - sym options: 0x614 - pdb path: .;C:\Program Files\Java\jdk-11\bin;C:\Windows\SYSTEM32;C:\Windows\WinSxS\amd64_microsoft.windows.common-controls_6595b64144ccf1df_6.0.19041.1110_none_60b5254171f9507e;C:\Program Files\Java\jdk-11\bin\server;C:\Users\Aritra\.gradle\native\68d5fa5c4cc2d200863cafc0d521ce42e7d3e7ee720ec0a83991735586a16f82\windows-amd64;C:\Users\Aritra\.gradle\native\e376f236ea51e6404a007f0833ffe2c6e607c4080706a723a18a27aeea778392\windows-amd64

VM Arguments:
jvm_args: --add-opens=java.base/java.util=ALL-UNNAMED --add-opens=java.base/java.lang=ALL-UNNAMED --add-opens=java.base/java.lang.invoke=ALL-UNNAMED --add-opens=java.prefs/java.util.prefs=ALL-UNNAMED --add-opens=java.base/java.nio.charset=ALL-UNNAMED --add-opens=java.base/java.net=ALL-UNNAMED --add-opens=java.base/java.util.concurrent.atomic=ALL-UNNAMED -XX:MaxMetaspaceSize=256m -XX:+HeapDumpOnOutOfMemoryError -Xms256m -Xmx512m -Dfile.encoding=utf8 -Duser.country=US -Duser.language=en -Duser.variant 
java_command: org.gradle.launcher.daemon.bootstrap.GradleDaemon 7.6
java_class_path (initial): C:\Users\Aritra\.gradle\wrapper\dists\gradle-7.6-bin\9l9tetv7ltxvx3i8an4pb86ye\gradle-7.6\lib\gradle-launcher-7.6.jar
Launcher Type: SUN_STANDARD

[Global flags]
     intx CICompilerCount                          = 3                                         {product} {ergonomic}
   size_t CompressedClassSpaceSize                 = 260046848                                 {product} {ergonomic}
     uint ConcGCThreads                            = 1                                         {product} {ergonomic}
     uint G1ConcRefinementThreads                  = 4                                         {product} {ergonomic}
   size_t G1HeapRegionSize                         = 1048576                                   {product} {ergonomic}
    uintx GCDrainStackTargetSize                   = 64                                        {product} {ergonomic}
     bool HeapDumpOnOutOfMemoryError               = true                                   {manageable} {command line}
   size_t InitialHeapSize                          = 268435456                                 {product} {command line}
   size_t MarkStackSize                            = 4194304                                   {product} {ergonomic}
   size_t MaxHeapSize                              = 536870912                                 {product} {command line}
   size_t MaxMetaspaceSize                         = 268435456                                 {product} {command line}
   size_t MaxNewSize                               = 321912832                                 {product} {ergonomic}
   size_t MinHeapDeltaBytes                        = 1048576                                   {product} {ergonomic}
    uintx NonNMethodCodeHeapSize                   = 5830092                                {pd product} {ergonomic}
    uintx NonProfiledCodeHeapSize                  = 122914074                              {pd product} {ergonomic}
    uintx ProfiledCodeHeapSize                     = 122914074                              {pd product} {ergonomic}
    uintx ReservedCodeCacheSize                    = 251658240                              {pd product} {ergonomic}
     bool SegmentedCodeCache                       = true                                      {product} {ergonomic}
     bool UseCompressedClassPointers               = true                                 {lp64_product} {ergonomic}
     bool UseCompressedOops                        = true                                 {lp64_product} {ergonomic}
     bool UseG1GC                                  = true                                      {product} {ergonomic}
     bool UseLargePagesIndividualAllocation        = false                                  {pd product} {ergonomic}

Logging:
Log output configuration:
 #0: stdout all=warning uptime,level,tags
 #1: stderr all=off uptime,level,tags

Environment Variables:
JAVA_HOME=C:\Program Files\Java\jdk-11
PATH=C:\Users\Aritra\Desktop\DBMS\app\oracle\product\11.2.0\server\bin;;C:\Program Files\Eclipse Adoptium\jdk-17.0.5.8-hotspot\bin;C:\app\Aritra\virtual\product\12.2.0\dbhome_1\bin;C:\Users\Aritra\Desktop\app\oracle\product\11.2.0\server\bin;C:\ProgramData\Oracle\Java\javapath;C:\Windows\system32;C:\Windows;C:\Windows\System32\Wbem;C:\Windows\System32\WindowsPowerShell\v1.0\;C:\Windows\System32\OpenSSH\;C:\Program Files\Java\jdk-11\bin;C:\Program Files\Git\cmd;C:\Program Files\Git\bin;C:\Program Files\nodejs\;C:\Program Files\Java\jdk-11\bin;C:\Users\Aritra\AppData\Local\Microsoft\WindowsApps;C:\Program Files\JetBrains\IntelliJ IDEA 2022.1.1\bin;;C:\Program Files\JetBrains\IntelliJ IDEA Community Edition 2022.2\bin;;C:\Users\Aritra\AppData\Local\Programs\Microsoft VS Code\bin;C:\Program Files\JetBrains\PyCharm 2022.3.1\bin;;C:\Users\Aritra\AppData\Roaming\npm
USERNAME=Aritra
OS=Windows_NT
PROCESSOR_IDENTIFIER=Intel64 Family 6 Model 142 Stepping 9, GenuineIntel



---------------  S Y S T E M  ---------------

OS: Windows 10 , 64 bit Build 19041 (10.0.19041.2546)

CPU:total 4 (initial active 4) (2 cores per cpu, 2 threads per core) family 6 model 142 stepping 9, cmov, cx8, fxsr, mmx, sse, sse2, sse3, ssse3, sse4.1, sse4.2, popcnt, avx, avx2, aes, clmul, erms, 3dnowpref, lzcnt, ht, tsc, tscinvbit, bmi1, bmi2, adx, fma

Memory: 4k page, system-wide physical 8077M (455M free)
TotalPageFile size 20932M (AvailPageFile size 5M)
current process WorkingSet (physical memory assigned to process): 352M, peak: 356M
current process commit charge ("private bytes"): 474M, peak: 476M

vm_info: Java HotSpot(TM) 64-Bit Server VM (11+28) for windows-amd64 JRE (11+28), built on Aug 23 2018 03:03:59 by "mach5one" with MS VC++ 15.5 (VS2017)

END.
